<?xml version="1.0" encoding="UTF-8"?>
<!-- Generated by org.testng.reporters.JUnitReportReporter -->
<testsuite skipped="0" hostname="E4795_Tech" name="com.ExtramarksWebsite_TestCases.MentorAssessmentTest" tests="1" failures="0" timestamp="14 Feb 2020 15:32:20 GMT" time="176.596" errors="0">
  <testcase name="MentorAssessment" time="176.596" classname="com.ExtramarksWebsite_TestCases.MentorAssessmentTest"/>
</testsuite> <!-- com.ExtramarksWebsite_TestCases.MentorAssessmentTest -->
