<?xml version="1.0" encoding="UTF-8"?>
<!-- Generated by org.testng.reporters.JUnitReportReporter -->
<testsuite skipped="0" hostname="E4795_Tech" name="com.ExtramarksWebsite_TestCases.LoginTest" tests="3" failures="0" timestamp="14 Feb 2020 15:32:20 GMT" time="886.369" errors="0">
  <testcase name="doLogin" time="97.295" classname="com.ExtramarksWebsite_TestCases.LoginTest"/>
  <testcase name="doLogin" time="329.621" classname="com.ExtramarksWebsite_TestCases.LoginTest"/>
  <testcase name="doLogin" time="459.453" classname="com.ExtramarksWebsite_TestCases.LoginTest"/>
</testsuite> <!-- com.ExtramarksWebsite_TestCases.LoginTest -->
