<?xml version="1.0" encoding="UTF-8"?>
<!-- Generated by org.testng.reporters.JUnitReportReporter -->
<testsuite skipped="0" hostname="E4795_Tech" name="com.ExtramarksWebsite_TestCases.ForgotPasswordTest" tests="1" failures="0" timestamp="15 Feb 2020 07:07:41 GMT" time="48.886" errors="0">
  <testcase name="forgotPassword" time="48.886" classname="com.ExtramarksWebsite_TestCases.ForgotPasswordTest"/>
</testsuite> <!-- com.ExtramarksWebsite_TestCases.ForgotPasswordTest -->
