<?xml version="1.0" encoding="UTF-8"?>
<!-- Generated by org.testng.reporters.JUnitReportReporter -->
<testsuite skipped="0" hostname="E4795_Tech" name="com.ExtramarksWebsite_TestCases.StudentScheduleTest" tests="4" failures="0" timestamp="14 Feb 2020 15:32:20 GMT" time="443.519" errors="1">
  <testcase name="scheduleLogin" time="83.621" classname="com.ExtramarksWebsite_TestCases.StudentScheduleTest"/>
  <testcase name="AddSchedule" time="232.350" classname="com.ExtramarksWebsite_TestCases.StudentScheduleTest"/>
  <testcase name="mySchedule" time="0.084" classname="com.ExtramarksWebsite_TestCases.StudentScheduleTest">
    <error type="java.lang.NullPointerException">
      <![CDATA[java.lang.NullPointerException
	at com.google.common.base.Preconditions.checkNotNull(Preconditions.java:213)
	at org.openqa.selenium.support.ui.FluentWait.<init>(FluentWait.java:102)
	at org.openqa.selenium.support.ui.WebDriverWait.<init>(WebDriverWait.java:71)
	at org.openqa.selenium.support.ui.WebDriverWait.<init>(WebDriverWait.java:45)
	at com.ExtramarksWebsite_TestCases.StudentScheduleTest.mySchedule(StudentScheduleTest.java:188)
	at sun.reflect.NativeMethodAccessorImpl.invoke0(Native Method)
	at sun.reflect.NativeMethodAccessorImpl.invoke(NativeMethodAccessorImpl.java:62)
	at sun.reflect.DelegatingMethodAccessorImpl.invoke(DelegatingMethodAccessorImpl.java:43)
	at java.lang.reflect.Method.invoke(Method.java:498)
	at org.testng.internal.MethodInvocationHelper.invokeMethod(MethodInvocationHelper.java:108)
	at org.testng.internal.Invoker.invokeMethod(Invoker.java:661)
	at org.testng.internal.Invoker.invokeTestMethod(Invoker.java:869)
	at org.testng.internal.Invoker.invokeTestMethods(Invoker.java:1193)
	at org.testng.internal.TestMethodWorker.invokeTestMethods(TestMethodWorker.java:126)
	at org.testng.internal.TestMethodWorker.run(TestMethodWorker.java:109)
	at java.util.concurrent.ThreadPoolExecutor.runWorker(ThreadPoolExecutor.java:1149)
	at java.util.concurrent.ThreadPoolExecutor$Worker.run(ThreadPoolExecutor.java:624)
	at java.lang.Thread.run(Thread.java:748)
]]>
    </error>
  </testcase> <!-- mySchedule -->
  <testcase name="deleteSchedule" time="127.464" classname="com.ExtramarksWebsite_TestCases.StudentScheduleTest"/>
</testsuite> <!-- com.ExtramarksWebsite_TestCases.StudentScheduleTest -->
