<?xml version="1.0" encoding="UTF-8"?>
<!-- Generated by org.testng.reporters.JUnitReportReporter -->
<testsuite skipped="3" hostname="E4795_Tech" name="com.ExtramarksWebsite_TestCases.StudentMentorTest" tests="4" failures="0" timestamp="14 Feb 2020 15:32:20 GMT" time="86.292" errors="0">
  <testcase name="studentMentorDelete" time="86.292" classname="com.ExtramarksWebsite_TestCases.StudentMentorTest"/>
  <testcase name="studentMentorAdd" classname="com.ExtramarksWebsite_TestCases.StudentMentorTest">
    <skipped/>
  </testcase> <!-- studentMentorAdd -->
  <testcase name="studentMentorAcceptNotificationByMentor" classname="com.ExtramarksWebsite_TestCases.StudentMentorTest">
    <skipped/>
  </testcase> <!-- studentMentorAcceptNotificationByMentor -->
  <testcase name="studentMentorMentorListVerification" classname="com.ExtramarksWebsite_TestCases.StudentMentorTest">
    <skipped/>
  </testcase> <!-- studentMentorMentorListVerification -->
</testsuite> <!-- com.ExtramarksWebsite_TestCases.StudentMentorTest -->
