<?xml version="1.0" encoding="UTF-8"?>
<!-- Generated by org.testng.reporters.JUnitReportReporter -->
<testsuite skipped="0" hostname="E4795_Tech" name="com.ExtramarksWebsite_TestCases.NotificationTest" tests="1" failures="0" timestamp="14 Feb 2020 15:32:20 GMT" time="89.180" errors="0">
  <testcase name="notificationAccept" time="89.180" classname="com.ExtramarksWebsite_TestCases.NotificationTest"/>
</testsuite> <!-- com.ExtramarksWebsite_TestCases.NotificationTest -->
