<?xml version="1.0" encoding="UTF-8"?>
<!-- Generated by org.testng.reporters.JUnitReportReporter -->
<testsuite skipped="5" hostname="E4795_Tech" name="com.ExtramarksWebsite_TestCases.StudentDashboardTest" tests="6" failures="0" timestamp="14 Feb 2020 15:32:20 GMT" time="156.767" errors="0">
  <testcase name="mentorDashboardMenu" time="156.767" classname="com.ExtramarksWebsite_TestCases.StudentDashboardTest"/>
  <testcase name="studentDashboardRecentActivity" classname="com.ExtramarksWebsite_TestCases.StudentDashboardTest">
    <skipped/>
  </testcase> <!-- studentDashboardRecentActivity -->
  <testcase name="studentDashboardNotes" classname="com.ExtramarksWebsite_TestCases.StudentDashboardTest">
    <skipped/>
  </testcase> <!-- studentDashboardNotes -->
  <testcase name="studentDashboardProgressReport" classname="com.ExtramarksWebsite_TestCases.StudentDashboardTest">
    <skipped/>
  </testcase> <!-- studentDashboardProgressReport -->
  <testcase name="studentDashboardChangeClass" classname="com.ExtramarksWebsite_TestCases.StudentDashboardTest">
    <skipped/>
  </testcase> <!-- studentDashboardChangeClass -->
  <testcase name="studentDashboardSchedule" classname="com.ExtramarksWebsite_TestCases.StudentDashboardTest">
    <skipped/>
  </testcase> <!-- studentDashboardSchedule -->
</testsuite> <!-- com.ExtramarksWebsite_TestCases.StudentDashboardTest -->
