<?xml version="1.0" encoding="UTF-8"?>
<!-- Generated by org.testng.reporters.JUnitReportReporter -->
<testsuite skipped="1" hostname="E4795_Tech" name="com.ExtramarksWebsite_TestCases.ParentMyChildTest" tests="2" failures="0" timestamp="14 Feb 2020 15:32:20 GMT" time="164.351" errors="0">
  <testcase name="parentMyChild" time="164.351" classname="com.ExtramarksWebsite_TestCases.ParentMyChildTest"/>
  <testcase name="parentAddChild" classname="com.ExtramarksWebsite_TestCases.ParentMyChildTest">
    <skipped/>
  </testcase> <!-- parentAddChild -->
</testsuite> <!-- com.ExtramarksWebsite_TestCases.ParentMyChildTest -->
