<?xml version="1.0" encoding="UTF-8"?>
<!-- Generated by org.testng.reporters.JUnitReportReporter -->
<testsuite skipped="0" hostname="E4795_Tech" name="com.ExtramarksWebsite_TestCases.MentorDashboardTest" tests="3" failures="0" timestamp="14 Feb 2020 15:32:20 GMT" time="369.346" errors="0">
  <testcase name="mentorDashboardMenu" time="141.961" classname="com.ExtramarksWebsite_TestCases.MentorDashboardTest"/>
  <testcase name="mentorDashboardViewActivity" time="110.251" classname="com.ExtramarksWebsite_TestCases.MentorDashboardTest"/>
  <testcase name="mentorDashboardaddSchedule" time="117.134" classname="com.ExtramarksWebsite_TestCases.MentorDashboardTest"/>
</testsuite> <!-- com.ExtramarksWebsite_TestCases.MentorDashboardTest -->
